2017-08-02 17:19:31,187 INFO 29020 [egg:logger] init all loggers with options: {"dir":"/home/sherman/test/koa/egg-example/logs/egg-example","encoding":"utf8","env":"unittest","level":"INFO","consoleLevel":"WARN","disableConsoleAfterReady":false,"outputJSON":false,"buffer":false,"appLogName":"egg-example-web.log","coreLogName":"egg-web.log","agentLogName":"egg-agent.log","errorLogName":"common-error.log","coreLogger":{},"type":"application"}
2017-08-02 17:19:31,206 INFO 29020 [egg-schedule]: register schedule egg-schedule:/home/sherman/test/koa/egg-example/node_modules/egg-logrotator/app/schedule/clean_log.js
2017-08-02 17:19:31,206 INFO 29020 [egg-schedule]: register schedule egg-schedule:/home/sherman/test/koa/egg-example/node_modules/egg-logrotator/app/schedule/rotate_by_file.js
2017-08-02 17:19:31,258 INFO 29020 [egg-static] starting static serve /public/ -> /home/sherman/test/koa/egg-example/app/public
2017-08-02 17:19:31,261 INFO 29020 [egg-security] use csrf middleware
2017-08-02 17:19:31,262 INFO 29020 [egg-security] use methodnoallow middleware
2017-08-02 17:19:31,263 INFO 29020 [egg-security] use noopen middleware
2017-08-02 17:19:31,263 INFO 29020 [egg-security] use nosniff middleware
2017-08-02 17:19:31,264 INFO 29020 [egg-security] use xssProtection middleware
2017-08-02 17:19:31,264 INFO 29020 [egg-security] use xframe middleware
2017-08-02 17:19:31,264 INFO 29020 [egg-security] use dta middleware
2017-08-02 17:19:31,264 INFO 29020 [egg-security] compose 7 middlewares into one security middleware
2017-08-02 17:19:31,295 INFO 29020 [egg-watcher:app] watcher start success
2017-08-02 17:22:25,907 INFO 29177 [egg:logger] init all loggers with options: {"dir":"/home/sherman/test/koa/egg-example/logs/egg-example","encoding":"utf8","env":"local","level":"INFO","consoleLevel":"DEBUG","disableConsoleAfterReady":false,"outputJSON":false,"buffer":true,"appLogName":"egg-example-web.log","coreLogName":"egg-web.log","agentLogName":"egg-agent.log","errorLogName":"common-error.log","coreLogger":{"consoleLevel":"WARN"},"type":"application"}
2017-08-02 17:22:25,935 INFO 29177 [egg-schedule]: register schedule egg-schedule:/home/sherman/test/koa/egg-example/node_modules/egg-logrotator/app/schedule/clean_log.js
2017-08-02 17:22:25,935 INFO 29177 [egg-schedule]: register schedule egg-schedule:/home/sherman/test/koa/egg-example/node_modules/egg-logrotator/app/schedule/rotate_by_file.js
2017-08-02 17:22:26,010 INFO 29177 [egg-static] starting static serve /public/ -> /home/sherman/test/koa/egg-example/app/public
2017-08-02 17:22:26,015 INFO 29177 [egg-security] use csrf middleware
2017-08-02 17:22:26,016 INFO 29177 [egg-security] use methodnoallow middleware
2017-08-02 17:22:26,016 INFO 29177 [egg-security] use noopen middleware
2017-08-02 17:22:26,016 INFO 29177 [egg-security] use nosniff middleware
2017-08-02 17:22:26,017 INFO 29177 [egg-security] use xssProtection middleware
2017-08-02 17:22:26,017 INFO 29177 [egg-security] use xframe middleware
2017-08-02 17:22:26,017 INFO 29177 [egg-security] use dta middleware
2017-08-02 17:22:26,017 INFO 29177 [egg-security] compose 7 middlewares into one security middleware
2017-08-02 17:22:26,074 INFO 29177 [egg-watcher:app] watcher start success
2017-08-02 17:22:47,275 INFO 29248 [egg:logger] init all loggers with options: {"dir":"/home/sherman/test/koa/egg-example/logs/egg-example","encoding":"utf8","env":"local","level":"INFO","consoleLevel":"DEBUG","disableConsoleAfterReady":false,"outputJSON":false,"buffer":true,"appLogName":"egg-example-web.log","coreLogName":"egg-web.log","agentLogName":"egg-agent.log","errorLogName":"common-error.log","coreLogger":{"consoleLevel":"WARN"},"type":"application"}
2017-08-02 17:22:47,302 INFO 29248 [egg-schedule]: register schedule egg-schedule:/home/sherman/test/koa/egg-example/node_modules/egg-logrotator/app/schedule/clean_log.js
2017-08-02 17:22:47,302 INFO 29248 [egg-schedule]: register schedule egg-schedule:/home/sherman/test/koa/egg-example/node_modules/egg-logrotator/app/schedule/rotate_by_file.js
2017-08-02 17:22:47,358 INFO 29248 [egg-static] starting static serve /public/ -> /home/sherman/test/koa/egg-example/app/public
2017-08-02 17:22:47,361 INFO 29248 [egg-security] use csrf middleware
2017-08-02 17:22:47,363 INFO 29248 [egg-security] use methodnoallow middleware
2017-08-02 17:22:47,363 INFO 29248 [egg-security] use noopen middleware
2017-08-02 17:22:47,363 INFO 29248 [egg-security] use nosniff middleware
2017-08-02 17:22:47,364 INFO 29248 [egg-security] use xssProtection middleware
2017-08-02 17:22:47,364 INFO 29248 [egg-security] use xframe middleware
2017-08-02 17:22:47,364 INFO 29248 [egg-security] use dta middleware
2017-08-02 17:22:47,364 INFO 29248 [egg-security] compose 7 middlewares into one security middleware
2017-08-02 17:22:47,427 INFO 29248 [egg-watcher:app] watcher start success
